This file contains any messages produced by compilers while
running configure, to aid debugging if configure makes a mistake.

It was created by configure, which was
generated by GNU Autoconf 2.69.  Invocation command line was

  $ ./configure 

## --------- ##
## Platform. ##
## --------- ##

hostname = pekachuMPI
uname -m = x86_64
uname -r = 3.4.8-1-ARCH
uname -s = Linux
uname -v = #1 SMP PREEMPT Thu Aug 9 21:21:22 CEST 2012

/usr/bin/uname -p = unknown
/bin/uname -X     = unknown

/bin/arch              = unknown
/usr/bin/arch -k       = unknown
/usr/convex/getsysinfo = unknown
/usr/bin/hostinfo      = unknown
/bin/machine           = unknown
/usr/bin/oslevel       = unknown
/bin/universe          = unknown

PATH: /opt/java/jdk1.7.0_04/bin
PATH: /usr/local/bin
PATH: /usr/local/work/root-5.34.01/bin
PATH: /usr/local/bin
PATH: /usr/bin
PATH: /bin
PATH: /usr/local/sbin
PATH: /usr/sbin
PATH: /sbin
PATH: /usr/bin/core_perl
PATH: /opt/eclipse


## ----------- ##
## Core tests. ##
## ----------- ##

configure:1820: checking for g++
configure:1836: found /usr/bin/g++
configure:1847: result: g++
configure:1874: checking for C++ compiler version
configure:1883: g++ --version >&5
g++ (GCC) 4.7.1 20120721 (prerelease)
Copyright (C) 2012 Free Software Foundation, Inc.
This is free software; see the source for copying conditions.  There is NO
warranty; not even for MERCHANTABILITY or FITNESS FOR A PARTICULAR PURPOSE.

configure:1894: $? = 0
configure:1883: g++ -v >&5
Using built-in specs.
COLLECT_GCC=g++
COLLECT_LTO_WRAPPER=/usr/lib/gcc/x86_64-unknown-linux-gnu/4.7.1/lto-wrapper
Target: x86_64-unknown-linux-gnu
Configured with: /build/src/gcc-4.7-20120721/configure --prefix=/usr --libdir=/usr/lib --libexecdir=/usr/lib --mandir=/usr/share/man --infodir=/usr/share/info --with-bugurl=https://bugs.archlinux.org/ --enable-languages=c,c++,ada,fortran,go,lto,objc,obj-c++ --enable-shared --enable-threads=posix --with-system-zlib --enable-__cxa_atexit --disable-libunwind-exceptions --enable-clocale=gnu --disable-libstdcxx-pch --enable-libstdcxx-time --enable-gnu-unique-object --enable-linker-build-id --with-ppl --enable-cloog-backend=isl --disable-ppl-version-check --disable-cloog-version-check --enable-lto --enable-gold --enable-ld=default --enable-plugin --with-plugin-ld=ld.gold --with-linker-hash-style=gnu --disable-multilib --disable-libssp --disable-build-with-cxx --disable-build-poststage1-with-cxx --enable-checking=release
Thread model: posix
gcc version 4.7.1 20120721 (prerelease) (GCC) 
configure:1894: $? = 0
configure:1883: g++ -V >&5
g++: error: unrecognized command line option '-V'
g++: fatal error: no input files
compilation terminated.
configure:1894: $? = 1
configure:1883: g++ -qversion >&5
g++: error: unrecognized command line option '-qversion'
g++: fatal error: no input files
compilation terminated.
configure:1894: $? = 1
configure:1914: checking whether the C++ compiler works
configure:1936: g++    conftest.cpp  >&5
configure:1940: $? = 0
configure:1988: result: yes
configure:1991: checking for C++ compiler default output file name
configure:1993: result: a.out
configure:1999: checking for suffix of executables
configure:2006: g++ -o conftest    conftest.cpp  >&5
configure:2010: $? = 0
configure:2032: result: 
configure:2054: checking whether we are cross compiling
configure:2062: g++ -o conftest    conftest.cpp  >&5
configure:2066: $? = 0
configure:2073: ./conftest
configure:2077: $? = 0
configure:2092: result: no
configure:2097: checking for suffix of object files
configure:2119: g++ -c   conftest.cpp >&5
configure:2123: $? = 0
configure:2144: result: o
configure:2148: checking whether we are using the GNU C++ compiler
configure:2167: g++ -c   conftest.cpp >&5
configure:2167: $? = 0
configure:2176: result: yes
configure:2185: checking whether g++ accepts -g
configure:2205: g++ -c -g  conftest.cpp >&5
configure:2205: $? = 0
configure:2246: result: yes
configure:2303: checking build system type
configure:2317: result: x86_64-unknown-linux-gnu
configure:2337: checking host system type
configure:2350: result: x86_64-unknown-linux-gnu
configure:2420: checking for root-config
configure:2438: found /usr/local/work/root-5.34.01/bin/root-config
configure:2451: result: /usr/local/work/root-5.34.01/bin/root-config
configure:2461: checking for root
configure:2479: found /usr/local/work/root-5.34.01/bin/root
configure:2492: result: /usr/local/work/root-5.34.01/bin/root
configure:2502: checking for rootcint
configure:2520: found /usr/local/work/root-5.34.01/bin/rootcint
configure:2533: result: /usr/local/work/root-5.34.01/bin/rootcint
configure:2559: checking wether ROOT version >= 5.20
configure:2568: result: yes
configure:2753: creating ./config.status

## ---------------------- ##
## Running config.status. ##
## ---------------------- ##

This file was extended by config.status, which was
generated by GNU Autoconf 2.69.  Invocation command line was

  CONFIG_FILES    = 
  CONFIG_HEADERS  = 
  CONFIG_LINKS    = 
  CONFIG_COMMANDS = 
  $ ./config.status 

on pekachuMPI

config.status:741: creating Makefile

## ---------------- ##
## Cache variables. ##
## ---------------- ##

ac_cv_build=x86_64-unknown-linux-gnu
ac_cv_cxx_compiler_gnu=yes
ac_cv_env_CCC_set=
ac_cv_env_CCC_value=
ac_cv_env_CPPFLAGS_set=
ac_cv_env_CPPFLAGS_value=
ac_cv_env_CXXFLAGS_set=
ac_cv_env_CXXFLAGS_value=
ac_cv_env_CXX_set=
ac_cv_env_CXX_value=
ac_cv_env_LDFLAGS_set=
ac_cv_env_LDFLAGS_value=
ac_cv_env_LIBS_set=
ac_cv_env_LIBS_value=
ac_cv_env_build_alias_set=
ac_cv_env_build_alias_value=
ac_cv_env_host_alias_set=
ac_cv_env_host_alias_value=
ac_cv_env_target_alias_set=
ac_cv_env_target_alias_value=
ac_cv_host=x86_64-unknown-linux-gnu
ac_cv_objext=o
ac_cv_path_ROOTCINT=/usr/local/work/root-5.34.01/bin/rootcint
ac_cv_path_ROOTCONF=/usr/local/work/root-5.34.01/bin/root-config
ac_cv_path_ROOTEXEC=/usr/local/work/root-5.34.01/bin/root
ac_cv_prog_ac_ct_CXX=g++
ac_cv_prog_cxx_g=yes

## ----------------- ##
## Output variables. ##
## ----------------- ##

CFLAGS=' -fPIC'
CPPFLAGS=''
CXX='g++'
CXXFLAGS='-g -O2'
DEFS='-DPACKAGE_NAME=\"\" -DPACKAGE_TARNAME=\"\" -DPACKAGE_VERSION=\"\" -DPACKAGE_STRING=\"\" -DPACKAGE_BUGREPORT=\"\" -DPACKAGE_URL=\"\"'
ECHO_C=''
ECHO_N='-n'
ECHO_T=''
EXEEXT=''
LDFLAGS=''
LIBOBJS=''
LIBS=''
LTLIBOBJS=''
OBJEXT='o'
PACKAGE_BUGREPORT=''
PACKAGE_NAME=''
PACKAGE_STRING=''
PACKAGE_TARNAME=''
PACKAGE_URL=''
PACKAGE_VERSION=''
PATH_SEPARATOR=':'
ROOTAUXCFLAGS='-pthread -m64'
ROOTAUXLIBS='-pthread -lm -ldl -rdynamic'
ROOTCFLAGS='-I/usr/local/work/root-5.34.01/include'
ROOTCINT='/usr/local/work/root-5.34.01/bin/rootcint'
ROOTCONF='/usr/local/work/root-5.34.01/bin/root-config'
ROOTETCDIR='/usr/local/work/root-5.34.01/etc'
ROOTEXEC='/usr/local/work/root-5.34.01/bin/root'
ROOTGLIBS='-lGui -lCore -lCint -lRIO -lNet -lHist -lGraf -lGraf3d -lGpad -lTree -lRint -lPostscript -lMatrix -lPhysics -lMathCore -lThread'
ROOTINCDIR='/usr/local/work/root-5.34.01/include'
ROOTLIBDIR='/usr/local/work/root-5.34.01/lib'
ROOTLIBS='-lCore -lCint -lRIO -lNet -lHist -lGraf -lGraf3d -lGpad -lTree -lRint -lPostscript -lMatrix -lPhysics -lMathCore -lThread'
ROOTRPATH='/usr/local/work/root-5.34.01/lib'
ROOTSOVERSION='5.34'
ROOTVERSION='5.34/01'
SHELL='/bin/sh'
ac_ct_CXX='g++'
bindir='${exec_prefix}/bin'
build='x86_64-unknown-linux-gnu'
build_alias=''
build_cpu='x86_64'
build_os='linux-gnu'
build_vendor='unknown'
datadir='${datarootdir}'
datarootdir='${prefix}/share'
docdir='${datarootdir}/doc/${PACKAGE}'
dvidir='${docdir}'
exec_prefix='${prefix}'
host='x86_64-unknown-linux-gnu'
host_alias=''
host_cpu='x86_64'
host_os='linux-gnu'
host_vendor='unknown'
htmldir='${docdir}'
includedir='${prefix}/include'
infodir='${datarootdir}/info'
libdir='${exec_prefix}/lib'
libexecdir='${exec_prefix}/libexec'
localedir='${datarootdir}/locale'
localstatedir='${prefix}/var'
mandir='${datarootdir}/man'
oldincludedir='/usr/include'
pdfdir='${docdir}'
prefix='/usr/local'
program_transform_name='s,x,x,'
psdir='${docdir}'
sbindir='${exec_prefix}/sbin'
sharedstatedir='${prefix}/com'
sysconfdir='${prefix}/etc'
target_alias=''

## ----------- ##
## confdefs.h. ##
## ----------- ##

/* confdefs.h */
#define PACKAGE_NAME ""
#define PACKAGE_TARNAME ""
#define PACKAGE_VERSION ""
#define PACKAGE_STRING ""
#define PACKAGE_BUGREPORT ""
#define PACKAGE_URL ""

configure: exit 0
